<?xml version="1.0" encoding="UTF-8"?>
<!-- Generated by org.testng.reporters.JUnitReportReporter -->
<testsuite hostname="siesdev4" failures="0" tests="1" name="com.sat.TestRunner.TestRunner" time="496.543" errors="0" timestamp="2024-06-07T09:33:26 GMT" skipped="0">
  <testcase classname="com.sat.TestRunner.TestRunner" name="runScenario" time="496.543"/>
</testsuite> <!-- com.sat.TestRunner.TestRunner -->
