<?xml version="1.0" encoding="UTF-8"?>
<!-- Generated by org.testng.reporters.JUnitReportReporter -->
<testsuite hostname="siesdev4" failures="0" tests="1" name="com.sat.TestRunner.TestRunner" time="409.435" errors="0" timestamp="2024-02-29T05:20:09 GMT" skipped="0">
  <testcase classname="com.sat.TestRunner.TestRunner" name="runScenario" time="409.435"/>
</testsuite> <!-- com.sat.TestRunner.TestRunner -->
